2020-04-16 15:10:33.127  WARN 3056 --- [background-preinit] o.s.h.c.j.Jackson2ObjectMapperBuilder    : For Jackson Kotlin classes support please add "com.fasterxml.jackson.module:jackson-module-kotlin" to the classpath
2020-04-16 15:10:33.144 ERROR 3056 --- [main] lavalink.server.Launcher                 : Application failed

java.lang.UnsupportedClassVersionError: lavalink/server/info/AppInfo has been compiled by a more recent version of the Java Runtime (class file version 55.0), this version of the Java Runtime only recognizes class file versions up to 52.0
	at java.lang.ClassLoader.defineClass1(Native Method) ~[na:1.8.0_241]
	at java.lang.ClassLoader.defineClass(Unknown Source) ~[na:1.8.0_241]
	at java.security.SecureClassLoader.defineClass(Unknown Source) ~[na:1.8.0_241]
	at java.net.URLClassLoader.defineClass(Unknown Source) ~[na:1.8.0_241]
	at java.net.URLClassLoader.access$100(Unknown Source) ~[na:1.8.0_241]
	at java.net.URLClassLoader$1.run(Unknown Source) ~[na:1.8.0_241]
	at java.net.URLClassLoader$1.run(Unknown Source) ~[na:1.8.0_241]
	at java.security.AccessController.doPrivileged(Native Method) ~[na:1.8.0_241]
	at java.net.URLClassLoader.findClass(Unknown Source) ~[na:1.8.0_241]
	at java.lang.ClassLoader.loadClass(Unknown Source) ~[na:1.8.0_241]
	at org.springframework.boot.loader.LaunchedURLClassLoader.loadClass(LaunchedURLClassLoader.java:93) ~[Lavalink.jar:na]
	at java.lang.ClassLoader.loadClass(Unknown Source) ~[na:1.8.0_241]
	at lavalink.server.Launcher.getVersionInfo(Launcher.kt:50) [classes!/:na]
	at lavalink.server.Launcher.getVersionInfo$default(Launcher.kt:49) [classes!/:na]
	at lavalink.server.Launcher$main$1.onApplicationEvent(Launcher.kt:118) ~[classes!/:na]
	at lavalink.server.Launcher$main$1.onApplicationEvent(Launcher.kt:43) ~[classes!/:na]
	at org.springframework.context.event.SimpleApplicationEventMulticaster.doInvokeListener(SimpleApplicationEventMulticaster.java:172) ~[spring-context-5.1.9.RELEASE.jar!/:5.1.9.RELEASE]
	at org.springframework.context.event.SimpleApplicationEventMulticaster.invokeListener(SimpleApplicationEventMulticaster.java:165) ~[spring-context-5.1.9.RELEASE.jar!/:5.1.9.RELEASE]
	at org.springframework.context.event.SimpleApplicationEventMulticaster.multicastEvent(SimpleApplicationEventMulticaster.java:139) ~[spring-context-5.1.9.RELEASE.jar!/:5.1.9.RELEASE]
	at org.springframework.context.event.SimpleApplicationEventMulticaster.multicastEvent(SimpleApplicationEventMulticaster.java:127) ~[spring-context-5.1.9.RELEASE.jar!/:5.1.9.RELEASE]
	at org.springframework.boot.context.event.EventPublishingRunListener.environmentPrepared(EventPublishingRunListener.java:76) ~[spring-boot-2.1.8.RELEASE.jar!/:2.1.8.RELEASE]
	at org.springframework.boot.SpringApplicationRunListeners.environmentPrepared(SpringApplicationRunListeners.java:53) ~[spring-boot-2.1.8.RELEASE.jar!/:2.1.8.RELEASE]
	at org.springframework.boot.SpringApplication.prepareEnvironment(SpringApplication.java:342) ~[spring-boot-2.1.8.RELEASE.jar!/:2.1.8.RELEASE]
	at org.springframework.boot.SpringApplication.run(SpringApplication.java:305) ~[spring-boot-2.1.8.RELEASE.jar!/:2.1.8.RELEASE]
	at lavalink.server.Launcher.main(Launcher.kt:127) [classes!/:na]
	at sun.reflect.NativeMethodAccessorImpl.invoke0(Native Method) ~[na:1.8.0_241]
	at sun.reflect.NativeMethodAccessorImpl.invoke(Unknown Source) ~[na:1.8.0_241]
	at sun.reflect.DelegatingMethodAccessorImpl.invoke(Unknown Source) ~[na:1.8.0_241]
	at java.lang.reflect.Method.invoke(Unknown Source) ~[na:1.8.0_241]
	at org.springframework.boot.loader.MainMethodRunner.run(MainMethodRunner.java:48) [Lavalink.jar:na]
	at org.springframework.boot.loader.Launcher.launch(Launcher.java:87) [Lavalink.jar:na]
	at org.springframework.boot.loader.Launcher.launch(Launcher.java:51) [Lavalink.jar:na]
	at org.springframework.boot.loader.JarLauncher.main(JarLauncher.java:52) [Lavalink.jar:na]

2020-04-16 15:10:33.145 ERROR 3056 --- [main] o.s.boot.SpringApplication               : Application run failed

java.lang.UnsupportedClassVersionError: lavalink/server/info/AppInfo has been compiled by a more recent version of the Java Runtime (class file version 55.0), this version of the Java Runtime only recognizes class file versions up to 52.0
	at java.lang.ClassLoader.defineClass1(Native Method) ~[na:1.8.0_241]
	at java.lang.ClassLoader.defineClass(Unknown Source) ~[na:1.8.0_241]
	at java.security.SecureClassLoader.defineClass(Unknown Source) ~[na:1.8.0_241]
	at java.net.URLClassLoader.defineClass(Unknown Source) ~[na:1.8.0_241]
	at java.net.URLClassLoader.access$100(Unknown Source) ~[na:1.8.0_241]
	at java.net.URLClassLoader$1.run(Unknown Source) ~[na:1.8.0_241]
	at java.net.URLClassLoader$1.run(Unknown Source) ~[na:1.8.0_241]
	at java.security.AccessController.doPrivileged(Native Method) ~[na:1.8.0_241]
	at java.net.URLClassLoader.findClass(Unknown Source) ~[na:1.8.0_241]
	at java.lang.ClassLoader.loadClass(Unknown Source) ~[na:1.8.0_241]
	at org.springframework.boot.loader.LaunchedURLClassLoader.loadClass(LaunchedURLClassLoader.java:93) ~[Lavalink.jar:na]
	at java.lang.ClassLoader.loadClass(Unknown Source) ~[na:1.8.0_241]
	at lavalink.server.Launcher.getVersionInfo(Launcher.kt:50) [classes!/:na]
	at lavalink.server.Launcher.getVersionInfo$default(Launcher.kt:49) [classes!/:na]
	at lavalink.server.Launcher$main$1.onApplicationEvent(Launcher.kt:118) ~[classes!/:na]
	at lavalink.server.Launcher$main$1.onApplicationEvent(Launcher.kt:43) ~[classes!/:na]
	at org.springframework.context.event.SimpleApplicationEventMulticaster.doInvokeListener(SimpleApplicationEventMulticaster.java:172) ~[spring-context-5.1.9.RELEASE.jar!/:5.1.9.RELEASE]
	at org.springframework.context.event.SimpleApplicationEventMulticaster.invokeListener(SimpleApplicationEventMulticaster.java:165) ~[spring-context-5.1.9.RELEASE.jar!/:5.1.9.RELEASE]
	at org.springframework.context.event.SimpleApplicationEventMulticaster.multicastEvent(SimpleApplicationEventMulticaster.java:139) ~[spring-context-5.1.9.RELEASE.jar!/:5.1.9.RELEASE]
	at org.springframework.context.event.SimpleApplicationEventMulticaster.multicastEvent(SimpleApplicationEventMulticaster.java:127) ~[spring-context-5.1.9.RELEASE.jar!/:5.1.9.RELEASE]
	at org.springframework.boot.context.event.EventPublishingRunListener.environmentPrepared(EventPublishingRunListener.java:76) ~[spring-boot-2.1.8.RELEASE.jar!/:2.1.8.RELEASE]
	at org.springframework.boot.SpringApplicationRunListeners.environmentPrepared(SpringApplicationRunListeners.java:53) ~[spring-boot-2.1.8.RELEASE.jar!/:2.1.8.RELEASE]
	at org.springframework.boot.SpringApplication.prepareEnvironment(SpringApplication.java:342) ~[spring-boot-2.1.8.RELEASE.jar!/:2.1.8.RELEASE]
	at org.springframework.boot.SpringApplication.run(SpringApplication.java:305) ~[spring-boot-2.1.8.RELEASE.jar!/:2.1.8.RELEASE]
	at lavalink.server.Launcher.main(Launcher.kt:127) [classes!/:na]
	at sun.reflect.NativeMethodAccessorImpl.invoke0(Native Method) ~[na:1.8.0_241]
	at sun.reflect.NativeMethodAccessorImpl.invoke(Unknown Source) ~[na:1.8.0_241]
	at sun.reflect.DelegatingMethodAccessorImpl.invoke(Unknown Source) ~[na:1.8.0_241]
	at java.lang.reflect.Method.invoke(Unknown Source) ~[na:1.8.0_241]
	at org.springframework.boot.loader.MainMethodRunner.run(MainMethodRunner.java:48) [Lavalink.jar:na]
	at org.springframework.boot.loader.Launcher.launch(Launcher.java:87) [Lavalink.jar:na]
	at org.springframework.boot.loader.Launcher.launch(Launcher.java:51) [Lavalink.jar:na]
	at org.springframework.boot.loader.JarLauncher.main(JarLauncher.java:52) [Lavalink.jar:na]

2020-04-16 15:11:43.702  WARN 29352 --- [background-preinit] o.s.h.c.j.Jackson2ObjectMapperBuilder    : For Jackson Kotlin classes support please add "com.fasterxml.jackson.module:jackson-module-kotlin" to the classpath
2020-04-16 15:11:43.719 ERROR 29352 --- [main] lavalink.server.Launcher                 : Application failed

java.lang.UnsupportedClassVersionError: lavalink/server/info/AppInfo has been compiled by a more recent version of the Java Runtime (class file version 55.0), this version of the Java Runtime only recognizes class file versions up to 52.0
	at java.lang.ClassLoader.defineClass1(Native Method) ~[na:1.8.0_241]
	at java.lang.ClassLoader.defineClass(Unknown Source) ~[na:1.8.0_241]
	at java.security.SecureClassLoader.defineClass(Unknown Source) ~[na:1.8.0_241]
	at java.net.URLClassLoader.defineClass(Unknown Source) ~[na:1.8.0_241]
	at java.net.URLClassLoader.access$100(Unknown Source) ~[na:1.8.0_241]
	at java.net.URLClassLoader$1.run(Unknown Source) ~[na:1.8.0_241]
	at java.net.URLClassLoader$1.run(Unknown Source) ~[na:1.8.0_241]
	at java.security.AccessController.doPrivileged(Native Method) ~[na:1.8.0_241]
	at java.net.URLClassLoader.findClass(Unknown Source) ~[na:1.8.0_241]
	at java.lang.ClassLoader.loadClass(Unknown Source) ~[na:1.8.0_241]
	at org.springframework.boot.loader.LaunchedURLClassLoader.loadClass(LaunchedURLClassLoader.java:93) ~[Lavalink.jar:na]
	at java.lang.ClassLoader.loadClass(Unknown Source) ~[na:1.8.0_241]
	at lavalink.server.Launcher.getVersionInfo(Launcher.kt:50) [classes!/:na]
	at lavalink.server.Launcher.getVersionInfo$default(Launcher.kt:49) [classes!/:na]
	at lavalink.server.Launcher$main$1.onApplicationEvent(Launcher.kt:118) ~[classes!/:na]
	at lavalink.server.Launcher$main$1.onApplicationEvent(Launcher.kt:43) ~[classes!/:na]
	at org.springframework.context.event.SimpleApplicationEventMulticaster.doInvokeListener(SimpleApplicationEventMulticaster.java:172) ~[spring-context-5.1.9.RELEASE.jar!/:5.1.9.RELEASE]
	at org.springframework.context.event.SimpleApplicationEventMulticaster.invokeListener(SimpleApplicationEventMulticaster.java:165) ~[spring-context-5.1.9.RELEASE.jar!/:5.1.9.RELEASE]
	at org.springframework.context.event.SimpleApplicationEventMulticaster.multicastEvent(SimpleApplicationEventMulticaster.java:139) ~[spring-context-5.1.9.RELEASE.jar!/:5.1.9.RELEASE]
	at org.springframework.context.event.SimpleApplicationEventMulticaster.multicastEvent(SimpleApplicationEventMulticaster.java:127) ~[spring-context-5.1.9.RELEASE.jar!/:5.1.9.RELEASE]
	at org.springframework.boot.context.event.EventPublishingRunListener.environmentPrepared(EventPublishingRunListener.java:76) ~[spring-boot-2.1.8.RELEASE.jar!/:2.1.8.RELEASE]
	at org.springframework.boot.SpringApplicationRunListeners.environmentPrepared(SpringApplicationRunListeners.java:53) ~[spring-boot-2.1.8.RELEASE.jar!/:2.1.8.RELEASE]
	at org.springframework.boot.SpringApplication.prepareEnvironment(SpringApplication.java:342) ~[spring-boot-2.1.8.RELEASE.jar!/:2.1.8.RELEASE]
	at org.springframework.boot.SpringApplication.run(SpringApplication.java:305) ~[spring-boot-2.1.8.RELEASE.jar!/:2.1.8.RELEASE]
	at lavalink.server.Launcher.main(Launcher.kt:127) [classes!/:na]
	at sun.reflect.NativeMethodAccessorImpl.invoke0(Native Method) ~[na:1.8.0_241]
	at sun.reflect.NativeMethodAccessorImpl.invoke(Unknown Source) ~[na:1.8.0_241]
	at sun.reflect.DelegatingMethodAccessorImpl.invoke(Unknown Source) ~[na:1.8.0_241]
	at java.lang.reflect.Method.invoke(Unknown Source) ~[na:1.8.0_241]
	at org.springframework.boot.loader.MainMethodRunner.run(MainMethodRunner.java:48) [Lavalink.jar:na]
	at org.springframework.boot.loader.Launcher.launch(Launcher.java:87) [Lavalink.jar:na]
	at org.springframework.boot.loader.Launcher.launch(Launcher.java:51) [Lavalink.jar:na]
	at org.springframework.boot.loader.JarLauncher.main(JarLauncher.java:52) [Lavalink.jar:na]

2020-04-16 15:11:43.720 ERROR 29352 --- [main] o.s.boot.SpringApplication               : Application run failed

java.lang.UnsupportedClassVersionError: lavalink/server/info/AppInfo has been compiled by a more recent version of the Java Runtime (class file version 55.0), this version of the Java Runtime only recognizes class file versions up to 52.0
	at java.lang.ClassLoader.defineClass1(Native Method) ~[na:1.8.0_241]
	at java.lang.ClassLoader.defineClass(Unknown Source) ~[na:1.8.0_241]
	at java.security.SecureClassLoader.defineClass(Unknown Source) ~[na:1.8.0_241]
	at java.net.URLClassLoader.defineClass(Unknown Source) ~[na:1.8.0_241]
	at java.net.URLClassLoader.access$100(Unknown Source) ~[na:1.8.0_241]
	at java.net.URLClassLoader$1.run(Unknown Source) ~[na:1.8.0_241]
	at java.net.URLClassLoader$1.run(Unknown Source) ~[na:1.8.0_241]
	at java.security.AccessController.doPrivileged(Native Method) ~[na:1.8.0_241]
	at java.net.URLClassLoader.findClass(Unknown Source) ~[na:1.8.0_241]
	at java.lang.ClassLoader.loadClass(Unknown Source) ~[na:1.8.0_241]
	at org.springframework.boot.loader.LaunchedURLClassLoader.loadClass(LaunchedURLClassLoader.java:93) ~[Lavalink.jar:na]
	at java.lang.ClassLoader.loadClass(Unknown Source) ~[na:1.8.0_241]
	at lavalink.server.Launcher.getVersionInfo(Launcher.kt:50) [classes!/:na]
	at lavalink.server.Launcher.getVersionInfo$default(Launcher.kt:49) [classes!/:na]
	at lavalink.server.Launcher$main$1.onApplicationEvent(Launcher.kt:118) ~[classes!/:na]
	at lavalink.server.Launcher$main$1.onApplicationEvent(Launcher.kt:43) ~[classes!/:na]
	at org.springframework.context.event.SimpleApplicationEventMulticaster.doInvokeListener(SimpleApplicationEventMulticaster.java:172) ~[spring-context-5.1.9.RELEASE.jar!/:5.1.9.RELEASE]
	at org.springframework.context.event.SimpleApplicationEventMulticaster.invokeListener(SimpleApplicationEventMulticaster.java:165) ~[spring-context-5.1.9.RELEASE.jar!/:5.1.9.RELEASE]
	at org.springframework.context.event.SimpleApplicationEventMulticaster.multicastEvent(SimpleApplicationEventMulticaster.java:139) ~[spring-context-5.1.9.RELEASE.jar!/:5.1.9.RELEASE]
	at org.springframework.context.event.SimpleApplicationEventMulticaster.multicastEvent(SimpleApplicationEventMulticaster.java:127) ~[spring-context-5.1.9.RELEASE.jar!/:5.1.9.RELEASE]
	at org.springframework.boot.context.event.EventPublishingRunListener.environmentPrepared(EventPublishingRunListener.java:76) ~[spring-boot-2.1.8.RELEASE.jar!/:2.1.8.RELEASE]
	at org.springframework.boot.SpringApplicationRunListeners.environmentPrepared(SpringApplicationRunListeners.java:53) ~[spring-boot-2.1.8.RELEASE.jar!/:2.1.8.RELEASE]
	at org.springframework.boot.SpringApplication.prepareEnvironment(SpringApplication.java:342) ~[spring-boot-2.1.8.RELEASE.jar!/:2.1.8.RELEASE]
	at org.springframework.boot.SpringApplication.run(SpringApplication.java:305) ~[spring-boot-2.1.8.RELEASE.jar!/:2.1.8.RELEASE]
	at lavalink.server.Launcher.main(Launcher.kt:127) [classes!/:na]
	at sun.reflect.NativeMethodAccessorImpl.invoke0(Native Method) ~[na:1.8.0_241]
	at sun.reflect.NativeMethodAccessorImpl.invoke(Unknown Source) ~[na:1.8.0_241]
	at sun.reflect.DelegatingMethodAccessorImpl.invoke(Unknown Source) ~[na:1.8.0_241]
	at java.lang.reflect.Method.invoke(Unknown Source) ~[na:1.8.0_241]
	at org.springframework.boot.loader.MainMethodRunner.run(MainMethodRunner.java:48) [Lavalink.jar:na]
	at org.springframework.boot.loader.Launcher.launch(Launcher.java:87) [Lavalink.jar:na]
	at org.springframework.boot.loader.Launcher.launch(Launcher.java:51) [Lavalink.jar:na]
	at org.springframework.boot.loader.JarLauncher.main(JarLauncher.java:52) [Lavalink.jar:na]

2020-04-16 15:13:29.900  WARN 18756 --- [background-preinit] o.s.h.c.j.Jackson2ObjectMapperBuilder    : For Jackson Kotlin classes support please add "com.fasterxml.jackson.module:jackson-module-kotlin" to the classpath
2020-04-16 15:13:29.918 ERROR 18756 --- [main] lavalink.server.Launcher                 : Application failed

java.lang.UnsupportedClassVersionError: lavalink/server/info/AppInfo has been compiled by a more recent version of the Java Runtime (class file version 55.0), this version of the Java Runtime only recognizes class file versions up to 52.0
	at java.lang.ClassLoader.defineClass1(Native Method) ~[na:1.8.0_241]
	at java.lang.ClassLoader.defineClass(Unknown Source) ~[na:1.8.0_241]
	at java.security.SecureClassLoader.defineClass(Unknown Source) ~[na:1.8.0_241]
	at java.net.URLClassLoader.defineClass(Unknown Source) ~[na:1.8.0_241]
	at java.net.URLClassLoader.access$100(Unknown Source) ~[na:1.8.0_241]
	at java.net.URLClassLoader$1.run(Unknown Source) ~[na:1.8.0_241]
	at java.net.URLClassLoader$1.run(Unknown Source) ~[na:1.8.0_241]
	at java.security.AccessController.doPrivileged(Native Method) ~[na:1.8.0_241]
	at java.net.URLClassLoader.findClass(Unknown Source) ~[na:1.8.0_241]
	at java.lang.ClassLoader.loadClass(Unknown Source) ~[na:1.8.0_241]
	at org.springframework.boot.loader.LaunchedURLClassLoader.loadClass(LaunchedURLClassLoader.java:93) ~[Lavalink.jar:na]
	at java.lang.ClassLoader.loadClass(Unknown Source) ~[na:1.8.0_241]
	at lavalink.server.Launcher.getVersionInfo(Launcher.kt:50) [classes!/:na]
	at lavalink.server.Launcher.getVersionInfo$default(Launcher.kt:49) [classes!/:na]
	at lavalink.server.Launcher$main$1.onApplicationEvent(Launcher.kt:118) ~[classes!/:na]
	at lavalink.server.Launcher$main$1.onApplicationEvent(Launcher.kt:43) ~[classes!/:na]
	at org.springframework.context.event.SimpleApplicationEventMulticaster.doInvokeListener(SimpleApplicationEventMulticaster.java:172) ~[spring-context-5.1.9.RELEASE.jar!/:5.1.9.RELEASE]
	at org.springframework.context.event.SimpleApplicationEventMulticaster.invokeListener(SimpleApplicationEventMulticaster.java:165) ~[spring-context-5.1.9.RELEASE.jar!/:5.1.9.RELEASE]
	at org.springframework.context.event.SimpleApplicationEventMulticaster.multicastEvent(SimpleApplicationEventMulticaster.java:139) ~[spring-context-5.1.9.RELEASE.jar!/:5.1.9.RELEASE]
	at org.springframework.context.event.SimpleApplicationEventMulticaster.multicastEvent(SimpleApplicationEventMulticaster.java:127) ~[spring-context-5.1.9.RELEASE.jar!/:5.1.9.RELEASE]
	at org.springframework.boot.context.event.EventPublishingRunListener.environmentPrepared(EventPublishingRunListener.java:76) ~[spring-boot-2.1.8.RELEASE.jar!/:2.1.8.RELEASE]
	at org.springframework.boot.SpringApplicationRunListeners.environmentPrepared(SpringApplicationRunListeners.java:53) ~[spring-boot-2.1.8.RELEASE.jar!/:2.1.8.RELEASE]
	at org.springframework.boot.SpringApplication.prepareEnvironment(SpringApplication.java:342) ~[spring-boot-2.1.8.RELEASE.jar!/:2.1.8.RELEASE]
	at org.springframework.boot.SpringApplication.run(SpringApplication.java:305) ~[spring-boot-2.1.8.RELEASE.jar!/:2.1.8.RELEASE]
	at lavalink.server.Launcher.main(Launcher.kt:127) [classes!/:na]
	at sun.reflect.NativeMethodAccessorImpl.invoke0(Native Method) ~[na:1.8.0_241]
	at sun.reflect.NativeMethodAccessorImpl.invoke(Unknown Source) ~[na:1.8.0_241]
	at sun.reflect.DelegatingMethodAccessorImpl.invoke(Unknown Source) ~[na:1.8.0_241]
	at java.lang.reflect.Method.invoke(Unknown Source) ~[na:1.8.0_241]
	at org.springframework.boot.loader.MainMethodRunner.run(MainMethodRunner.java:48) [Lavalink.jar:na]
	at org.springframework.boot.loader.Launcher.launch(Launcher.java:87) [Lavalink.jar:na]
	at org.springframework.boot.loader.Launcher.launch(Launcher.java:51) [Lavalink.jar:na]
	at org.springframework.boot.loader.JarLauncher.main(JarLauncher.java:52) [Lavalink.jar:na]

2020-04-16 15:13:29.919 ERROR 18756 --- [main] o.s.boot.SpringApplication               : Application run failed

java.lang.UnsupportedClassVersionError: lavalink/server/info/AppInfo has been compiled by a more recent version of the Java Runtime (class file version 55.0), this version of the Java Runtime only recognizes class file versions up to 52.0
	at java.lang.ClassLoader.defineClass1(Native Method) ~[na:1.8.0_241]
	at java.lang.ClassLoader.defineClass(Unknown Source) ~[na:1.8.0_241]
	at java.security.SecureClassLoader.defineClass(Unknown Source) ~[na:1.8.0_241]
	at java.net.URLClassLoader.defineClass(Unknown Source) ~[na:1.8.0_241]
	at java.net.URLClassLoader.access$100(Unknown Source) ~[na:1.8.0_241]
	at java.net.URLClassLoader$1.run(Unknown Source) ~[na:1.8.0_241]
	at java.net.URLClassLoader$1.run(Unknown Source) ~[na:1.8.0_241]
	at java.security.AccessController.doPrivileged(Native Method) ~[na:1.8.0_241]
	at java.net.URLClassLoader.findClass(Unknown Source) ~[na:1.8.0_241]
	at java.lang.ClassLoader.loadClass(Unknown Source) ~[na:1.8.0_241]
	at org.springframework.boot.loader.LaunchedURLClassLoader.loadClass(LaunchedURLClassLoader.java:93) ~[Lavalink.jar:na]
	at java.lang.ClassLoader.loadClass(Unknown Source) ~[na:1.8.0_241]
	at lavalink.server.Launcher.getVersionInfo(Launcher.kt:50) [classes!/:na]
	at lavalink.server.Launcher.getVersionInfo$default(Launcher.kt:49) [classes!/:na]
	at lavalink.server.Launcher$main$1.onApplicationEvent(Launcher.kt:118) ~[classes!/:na]
	at lavalink.server.Launcher$main$1.onApplicationEvent(Launcher.kt:43) ~[classes!/:na]
	at org.springframework.context.event.SimpleApplicationEventMulticaster.doInvokeListener(SimpleApplicationEventMulticaster.java:172) ~[spring-context-5.1.9.RELEASE.jar!/:5.1.9.RELEASE]
	at org.springframework.context.event.SimpleApplicationEventMulticaster.invokeListener(SimpleApplicationEventMulticaster.java:165) ~[spring-context-5.1.9.RELEASE.jar!/:5.1.9.RELEASE]
	at org.springframework.context.event.SimpleApplicationEventMulticaster.multicastEvent(SimpleApplicationEventMulticaster.java:139) ~[spring-context-5.1.9.RELEASE.jar!/:5.1.9.RELEASE]
	at org.springframework.context.event.SimpleApplicationEventMulticaster.multicastEvent(SimpleApplicationEventMulticaster.java:127) ~[spring-context-5.1.9.RELEASE.jar!/:5.1.9.RELEASE]
	at org.springframework.boot.context.event.EventPublishingRunListener.environmentPrepared(EventPublishingRunListener.java:76) ~[spring-boot-2.1.8.RELEASE.jar!/:2.1.8.RELEASE]
	at org.springframework.boot.SpringApplicationRunListeners.environmentPrepared(SpringApplicationRunListeners.java:53) ~[spring-boot-2.1.8.RELEASE.jar!/:2.1.8.RELEASE]
	at org.springframework.boot.SpringApplication.prepareEnvironment(SpringApplication.java:342) ~[spring-boot-2.1.8.RELEASE.jar!/:2.1.8.RELEASE]
	at org.springframework.boot.SpringApplication.run(SpringApplication.java:305) ~[spring-boot-2.1.8.RELEASE.jar!/:2.1.8.RELEASE]
	at lavalink.server.Launcher.main(Launcher.kt:127) [classes!/:na]
	at sun.reflect.NativeMethodAccessorImpl.invoke0(Native Method) ~[na:1.8.0_241]
	at sun.reflect.NativeMethodAccessorImpl.invoke(Unknown Source) ~[na:1.8.0_241]
	at sun.reflect.DelegatingMethodAccessorImpl.invoke(Unknown Source) ~[na:1.8.0_241]
	at java.lang.reflect.Method.invoke(Unknown Source) ~[na:1.8.0_241]
	at org.springframework.boot.loader.MainMethodRunner.run(MainMethodRunner.java:48) [Lavalink.jar:na]
	at org.springframework.boot.loader.Launcher.launch(Launcher.java:87) [Lavalink.jar:na]
	at org.springframework.boot.loader.Launcher.launch(Launcher.java:51) [Lavalink.jar:na]
	at org.springframework.boot.loader.JarLauncher.main(JarLauncher.java:52) [Lavalink.jar:na]

2020-04-16 15:14:19.755  WARN 25744 --- [background-preinit] o.s.h.c.j.Jackson2ObjectMapperBuilder    : For Jackson Kotlin classes support please add "com.fasterxml.jackson.module:jackson-module-kotlin" to the classpath
2020-04-16 15:14:19.772 ERROR 25744 --- [main] lavalink.server.Launcher                 : Application failed

java.lang.UnsupportedClassVersionError: lavalink/server/info/AppInfo has been compiled by a more recent version of the Java Runtime (class file version 55.0), this version of the Java Runtime only recognizes class file versions up to 52.0
	at java.lang.ClassLoader.defineClass1(Native Method) ~[na:1.8.0_241]
	at java.lang.ClassLoader.defineClass(Unknown Source) ~[na:1.8.0_241]
	at java.security.SecureClassLoader.defineClass(Unknown Source) ~[na:1.8.0_241]
	at java.net.URLClassLoader.defineClass(Unknown Source) ~[na:1.8.0_241]
	at java.net.URLClassLoader.access$100(Unknown Source) ~[na:1.8.0_241]
	at java.net.URLClassLoader$1.run(Unknown Source) ~[na:1.8.0_241]
	at java.net.URLClassLoader$1.run(Unknown Source) ~[na:1.8.0_241]
	at java.security.AccessController.doPrivileged(Native Method) ~[na:1.8.0_241]
	at java.net.URLClassLoader.findClass(Unknown Source) ~[na:1.8.0_241]
	at java.lang.ClassLoader.loadClass(Unknown Source) ~[na:1.8.0_241]
	at org.springframework.boot.loader.LaunchedURLClassLoader.loadClass(LaunchedURLClassLoader.java:93) ~[Lavalink.jar:na]
	at java.lang.ClassLoader.loadClass(Unknown Source) ~[na:1.8.0_241]
	at lavalink.server.Launcher.getVersionInfo(Launcher.kt:50) [classes!/:na]
	at lavalink.server.Launcher.getVersionInfo$default(Launcher.kt:49) [classes!/:na]
	at lavalink.server.Launcher$main$1.onApplicationEvent(Launcher.kt:118) ~[classes!/:na]
	at lavalink.server.Launcher$main$1.onApplicationEvent(Launcher.kt:43) ~[classes!/:na]
	at org.springframework.context.event.SimpleApplicationEventMulticaster.doInvokeListener(SimpleApplicationEventMulticaster.java:172) ~[spring-context-5.1.9.RELEASE.jar!/:5.1.9.RELEASE]
	at org.springframework.context.event.SimpleApplicationEventMulticaster.invokeListener(SimpleApplicationEventMulticaster.java:165) ~[spring-context-5.1.9.RELEASE.jar!/:5.1.9.RELEASE]
	at org.springframework.context.event.SimpleApplicationEventMulticaster.multicastEvent(SimpleApplicationEventMulticaster.java:139) ~[spring-context-5.1.9.RELEASE.jar!/:5.1.9.RELEASE]
	at org.springframework.context.event.SimpleApplicationEventMulticaster.multicastEvent(SimpleApplicationEventMulticaster.java:127) ~[spring-context-5.1.9.RELEASE.jar!/:5.1.9.RELEASE]
	at org.springframework.boot.context.event.EventPublishingRunListener.environmentPrepared(EventPublishingRunListener.java:76) ~[spring-boot-2.1.8.RELEASE.jar!/:2.1.8.RELEASE]
	at org.springframework.boot.SpringApplicationRunListeners.environmentPrepared(SpringApplicationRunListeners.java:53) ~[spring-boot-2.1.8.RELEASE.jar!/:2.1.8.RELEASE]
	at org.springframework.boot.SpringApplication.prepareEnvironment(SpringApplication.java:342) ~[spring-boot-2.1.8.RELEASE.jar!/:2.1.8.RELEASE]
	at org.springframework.boot.SpringApplication.run(SpringApplication.java:305) ~[spring-boot-2.1.8.RELEASE.jar!/:2.1.8.RELEASE]
	at lavalink.server.Launcher.main(Launcher.kt:127) [classes!/:na]
	at sun.reflect.NativeMethodAccessorImpl.invoke0(Native Method) ~[na:1.8.0_241]
	at sun.reflect.NativeMethodAccessorImpl.invoke(Unknown Source) ~[na:1.8.0_241]
	at sun.reflect.DelegatingMethodAccessorImpl.invoke(Unknown Source) ~[na:1.8.0_241]
	at java.lang.reflect.Method.invoke(Unknown Source) ~[na:1.8.0_241]
	at org.springframework.boot.loader.MainMethodRunner.run(MainMethodRunner.java:48) [Lavalink.jar:na]
	at org.springframework.boot.loader.Launcher.launch(Launcher.java:87) [Lavalink.jar:na]
	at org.springframework.boot.loader.Launcher.launch(Launcher.java:51) [Lavalink.jar:na]
	at org.springframework.boot.loader.JarLauncher.main(JarLauncher.java:52) [Lavalink.jar:na]

2020-04-16 15:14:19.773 ERROR 25744 --- [main] o.s.boot.SpringApplication               : Application run failed

java.lang.UnsupportedClassVersionError: lavalink/server/info/AppInfo has been compiled by a more recent version of the Java Runtime (class file version 55.0), this version of the Java Runtime only recognizes class file versions up to 52.0
	at java.lang.ClassLoader.defineClass1(Native Method) ~[na:1.8.0_241]
	at java.lang.ClassLoader.defineClass(Unknown Source) ~[na:1.8.0_241]
	at java.security.SecureClassLoader.defineClass(Unknown Source) ~[na:1.8.0_241]
	at java.net.URLClassLoader.defineClass(Unknown Source) ~[na:1.8.0_241]
	at java.net.URLClassLoader.access$100(Unknown Source) ~[na:1.8.0_241]
	at java.net.URLClassLoader$1.run(Unknown Source) ~[na:1.8.0_241]
	at java.net.URLClassLoader$1.run(Unknown Source) ~[na:1.8.0_241]
	at java.security.AccessController.doPrivileged(Native Method) ~[na:1.8.0_241]
	at java.net.URLClassLoader.findClass(Unknown Source) ~[na:1.8.0_241]
	at java.lang.ClassLoader.loadClass(Unknown Source) ~[na:1.8.0_241]
	at org.springframework.boot.loader.LaunchedURLClassLoader.loadClass(LaunchedURLClassLoader.java:93) ~[Lavalink.jar:na]
	at java.lang.ClassLoader.loadClass(Unknown Source) ~[na:1.8.0_241]
	at lavalink.server.Launcher.getVersionInfo(Launcher.kt:50) [classes!/:na]
	at lavalink.server.Launcher.getVersionInfo$default(Launcher.kt:49) [classes!/:na]
	at lavalink.server.Launcher$main$1.onApplicationEvent(Launcher.kt:118) ~[classes!/:na]
	at lavalink.server.Launcher$main$1.onApplicationEvent(Launcher.kt:43) ~[classes!/:na]
	at org.springframework.context.event.SimpleApplicationEventMulticaster.doInvokeListener(SimpleApplicationEventMulticaster.java:172) ~[spring-context-5.1.9.RELEASE.jar!/:5.1.9.RELEASE]
	at org.springframework.context.event.SimpleApplicationEventMulticaster.invokeListener(SimpleApplicationEventMulticaster.java:165) ~[spring-context-5.1.9.RELEASE.jar!/:5.1.9.RELEASE]
	at org.springframework.context.event.SimpleApplicationEventMulticaster.multicastEvent(SimpleApplicationEventMulticaster.java:139) ~[spring-context-5.1.9.RELEASE.jar!/:5.1.9.RELEASE]
	at org.springframework.context.event.SimpleApplicationEventMulticaster.multicastEvent(SimpleApplicationEventMulticaster.java:127) ~[spring-context-5.1.9.RELEASE.jar!/:5.1.9.RELEASE]
	at org.springframework.boot.context.event.EventPublishingRunListener.environmentPrepared(EventPublishingRunListener.java:76) ~[spring-boot-2.1.8.RELEASE.jar!/:2.1.8.RELEASE]
	at org.springframework.boot.SpringApplicationRunListeners.environmentPrepared(SpringApplicationRunListeners.java:53) ~[spring-boot-2.1.8.RELEASE.jar!/:2.1.8.RELEASE]
	at org.springframework.boot.SpringApplication.prepareEnvironment(SpringApplication.java:342) ~[spring-boot-2.1.8.RELEASE.jar!/:2.1.8.RELEASE]
	at org.springframework.boot.SpringApplication.run(SpringApplication.java:305) ~[spring-boot-2.1.8.RELEASE.jar!/:2.1.8.RELEASE]
	at lavalink.server.Launcher.main(Launcher.kt:127) [classes!/:na]
	at sun.reflect.NativeMethodAccessorImpl.invoke0(Native Method) ~[na:1.8.0_241]
	at sun.reflect.NativeMethodAccessorImpl.invoke(Unknown Source) ~[na:1.8.0_241]
	at sun.reflect.DelegatingMethodAccessorImpl.invoke(Unknown Source) ~[na:1.8.0_241]
	at java.lang.reflect.Method.invoke(Unknown Source) ~[na:1.8.0_241]
	at org.springframework.boot.loader.MainMethodRunner.run(MainMethodRunner.java:48) [Lavalink.jar:na]
	at org.springframework.boot.loader.Launcher.launch(Launcher.java:87) [Lavalink.jar:na]
	at org.springframework.boot.loader.Launcher.launch(Launcher.java:51) [Lavalink.jar:na]
	at org.springframework.boot.loader.JarLauncher.main(JarLauncher.java:52) [Lavalink.jar:na]

2020-04-16 15:17:36.419  WARN 22816 --- [background-preinit] o.s.h.c.j.Jackson2ObjectMapperBuilder    : For Jackson Kotlin classes support please add "com.fasterxml.jackson.module:jackson-module-kotlin" to the classpath
2020-04-16 15:17:36.435 ERROR 22816 --- [main] lavalink.server.Launcher                 : Application failed

java.lang.UnsupportedClassVersionError: lavalink/server/info/AppInfo has been compiled by a more recent version of the Java Runtime (class file version 55.0), this version of the Java Runtime only recognizes class file versions up to 52.0
	at java.lang.ClassLoader.defineClass1(Native Method) ~[na:1.8.0_251]
	at java.lang.ClassLoader.defineClass(Unknown Source) ~[na:1.8.0_251]
	at java.security.SecureClassLoader.defineClass(Unknown Source) ~[na:1.8.0_251]
	at java.net.URLClassLoader.defineClass(Unknown Source) ~[na:1.8.0_251]
	at java.net.URLClassLoader.access$100(Unknown Source) ~[na:1.8.0_251]
	at java.net.URLClassLoader$1.run(Unknown Source) ~[na:1.8.0_251]
	at java.net.URLClassLoader$1.run(Unknown Source) ~[na:1.8.0_251]
	at java.security.AccessController.doPrivileged(Native Method) ~[na:1.8.0_251]
	at java.net.URLClassLoader.findClass(Unknown Source) ~[na:1.8.0_251]
	at java.lang.ClassLoader.loadClass(Unknown Source) ~[na:1.8.0_251]
	at org.springframework.boot.loader.LaunchedURLClassLoader.loadClass(LaunchedURLClassLoader.java:93) ~[Lavalink.jar:na]
	at java.lang.ClassLoader.loadClass(Unknown Source) ~[na:1.8.0_251]
	at lavalink.server.Launcher.getVersionInfo(Launcher.kt:50) [classes!/:na]
	at lavalink.server.Launcher.getVersionInfo$default(Launcher.kt:49) [classes!/:na]
	at lavalink.server.Launcher$main$1.onApplicationEvent(Launcher.kt:118) ~[classes!/:na]
	at lavalink.server.Launcher$main$1.onApplicationEvent(Launcher.kt:43) ~[classes!/:na]
	at org.springframework.context.event.SimpleApplicationEventMulticaster.doInvokeListener(SimpleApplicationEventMulticaster.java:172) ~[spring-context-5.1.9.RELEASE.jar!/:5.1.9.RELEASE]
	at org.springframework.context.event.SimpleApplicationEventMulticaster.invokeListener(SimpleApplicationEventMulticaster.java:165) ~[spring-context-5.1.9.RELEASE.jar!/:5.1.9.RELEASE]
	at org.springframework.context.event.SimpleApplicationEventMulticaster.multicastEvent(SimpleApplicationEventMulticaster.java:139) ~[spring-context-5.1.9.RELEASE.jar!/:5.1.9.RELEASE]
	at org.springframework.context.event.SimpleApplicationEventMulticaster.multicastEvent(SimpleApplicationEventMulticaster.java:127) ~[spring-context-5.1.9.RELEASE.jar!/:5.1.9.RELEASE]
	at org.springframework.boot.context.event.EventPublishingRunListener.environmentPrepared(EventPublishingRunListener.java:76) ~[spring-boot-2.1.8.RELEASE.jar!/:2.1.8.RELEASE]
	at org.springframework.boot.SpringApplicationRunListeners.environmentPrepared(SpringApplicationRunListeners.java:53) ~[spring-boot-2.1.8.RELEASE.jar!/:2.1.8.RELEASE]
	at org.springframework.boot.SpringApplication.prepareEnvironment(SpringApplication.java:342) ~[spring-boot-2.1.8.RELEASE.jar!/:2.1.8.RELEASE]
	at org.springframework.boot.SpringApplication.run(SpringApplication.java:305) ~[spring-boot-2.1.8.RELEASE.jar!/:2.1.8.RELEASE]
	at lavalink.server.Launcher.main(Launcher.kt:127) [classes!/:na]
	at sun.reflect.NativeMethodAccessorImpl.invoke0(Native Method) ~[na:1.8.0_251]
	at sun.reflect.NativeMethodAccessorImpl.invoke(Unknown Source) ~[na:1.8.0_251]
	at sun.reflect.DelegatingMethodAccessorImpl.invoke(Unknown Source) ~[na:1.8.0_251]
	at java.lang.reflect.Method.invoke(Unknown Source) ~[na:1.8.0_251]
	at org.springframework.boot.loader.MainMethodRunner.run(MainMethodRunner.java:48) [Lavalink.jar:na]
	at org.springframework.boot.loader.Launcher.launch(Launcher.java:87) [Lavalink.jar:na]
	at org.springframework.boot.loader.Launcher.launch(Launcher.java:51) [Lavalink.jar:na]
	at org.springframework.boot.loader.JarLauncher.main(JarLauncher.java:52) [Lavalink.jar:na]

2020-04-16 15:17:36.437 ERROR 22816 --- [main] o.s.boot.SpringApplication               : Application run failed

java.lang.UnsupportedClassVersionError: lavalink/server/info/AppInfo has been compiled by a more recent version of the Java Runtime (class file version 55.0), this version of the Java Runtime only recognizes class file versions up to 52.0
	at java.lang.ClassLoader.defineClass1(Native Method) ~[na:1.8.0_251]
	at java.lang.ClassLoader.defineClass(Unknown Source) ~[na:1.8.0_251]
	at java.security.SecureClassLoader.defineClass(Unknown Source) ~[na:1.8.0_251]
	at java.net.URLClassLoader.defineClass(Unknown Source) ~[na:1.8.0_251]
	at java.net.URLClassLoader.access$100(Unknown Source) ~[na:1.8.0_251]
	at java.net.URLClassLoader$1.run(Unknown Source) ~[na:1.8.0_251]
	at java.net.URLClassLoader$1.run(Unknown Source) ~[na:1.8.0_251]
	at java.security.AccessController.doPrivileged(Native Method) ~[na:1.8.0_251]
	at java.net.URLClassLoader.findClass(Unknown Source) ~[na:1.8.0_251]
	at java.lang.ClassLoader.loadClass(Unknown Source) ~[na:1.8.0_251]
	at org.springframework.boot.loader.LaunchedURLClassLoader.loadClass(LaunchedURLClassLoader.java:93) ~[Lavalink.jar:na]
	at java.lang.ClassLoader.loadClass(Unknown Source) ~[na:1.8.0_251]
	at lavalink.server.Launcher.getVersionInfo(Launcher.kt:50) [classes!/:na]
	at lavalink.server.Launcher.getVersionInfo$default(Launcher.kt:49) [classes!/:na]
	at lavalink.server.Launcher$main$1.onApplicationEvent(Launcher.kt:118) ~[classes!/:na]
	at lavalink.server.Launcher$main$1.onApplicationEvent(Launcher.kt:43) ~[classes!/:na]
	at org.springframework.context.event.SimpleApplicationEventMulticaster.doInvokeListener(SimpleApplicationEventMulticaster.java:172) ~[spring-context-5.1.9.RELEASE.jar!/:5.1.9.RELEASE]
	at org.springframework.context.event.SimpleApplicationEventMulticaster.invokeListener(SimpleApplicationEventMulticaster.java:165) ~[spring-context-5.1.9.RELEASE.jar!/:5.1.9.RELEASE]
	at org.springframework.context.event.SimpleApplicationEventMulticaster.multicastEvent(SimpleApplicationEventMulticaster.java:139) ~[spring-context-5.1.9.RELEASE.jar!/:5.1.9.RELEASE]
	at org.springframework.context.event.SimpleApplicationEventMulticaster.multicastEvent(SimpleApplicationEventMulticaster.java:127) ~[spring-context-5.1.9.RELEASE.jar!/:5.1.9.RELEASE]
	at org.springframework.boot.context.event.EventPublishingRunListener.environmentPrepared(EventPublishingRunListener.java:76) ~[spring-boot-2.1.8.RELEASE.jar!/:2.1.8.RELEASE]
	at org.springframework.boot.SpringApplicationRunListeners.environmentPrepared(SpringApplicationRunListeners.java:53) ~[spring-boot-2.1.8.RELEASE.jar!/:2.1.8.RELEASE]
	at org.springframework.boot.SpringApplication.prepareEnvironment(SpringApplication.java:342) ~[spring-boot-2.1.8.RELEASE.jar!/:2.1.8.RELEASE]
	at org.springframework.boot.SpringApplication.run(SpringApplication.java:305) ~[spring-boot-2.1.8.RELEASE.jar!/:2.1.8.RELEASE]
	at lavalink.server.Launcher.main(Launcher.kt:127) [classes!/:na]
	at sun.reflect.NativeMethodAccessorImpl.invoke0(Native Method) ~[na:1.8.0_251]
	at sun.reflect.NativeMethodAccessorImpl.invoke(Unknown Source) ~[na:1.8.0_251]
	at sun.reflect.DelegatingMethodAccessorImpl.invoke(Unknown Source) ~[na:1.8.0_251]
	at java.lang.reflect.Method.invoke(Unknown Source) ~[na:1.8.0_251]
	at org.springframework.boot.loader.MainMethodRunner.run(MainMethodRunner.java:48) [Lavalink.jar:na]
	at org.springframework.boot.loader.Launcher.launch(Launcher.java:87) [Lavalink.jar:na]
	at org.springframework.boot.loader.Launcher.launch(Launcher.java:51) [Lavalink.jar:na]
	at org.springframework.boot.loader.JarLauncher.main(JarLauncher.java:52) [Lavalink.jar:na]

2020-04-16 15:23:59.727  WARN 28184 --- [background-preinit] o.s.h.c.j.Jackson2ObjectMapperBuilder    : For Jackson Kotlin classes support please add "com.fasterxml.jackson.module:jackson-module-kotlin" to the classpath
2020-04-16 15:23:59.744 ERROR 28184 --- [main] lavalink.server.Launcher                 : Application failed

java.lang.UnsupportedClassVersionError: lavalink/server/info/AppInfo has been compiled by a more recent version of the Java Runtime (class file version 55.0), this version of the Java Runtime only recognizes class file versions up to 52.0
	at java.lang.ClassLoader.defineClass1(Native Method) ~[na:1.8.0_251]
	at java.lang.ClassLoader.defineClass(Unknown Source) ~[na:1.8.0_251]
	at java.security.SecureClassLoader.defineClass(Unknown Source) ~[na:1.8.0_251]
	at java.net.URLClassLoader.defineClass(Unknown Source) ~[na:1.8.0_251]
	at java.net.URLClassLoader.access$100(Unknown Source) ~[na:1.8.0_251]
	at java.net.URLClassLoader$1.run(Unknown Source) ~[na:1.8.0_251]
	at java.net.URLClassLoader$1.run(Unknown Source) ~[na:1.8.0_251]
	at java.security.AccessController.doPrivileged(Native Method) ~[na:1.8.0_251]
	at java.net.URLClassLoader.findClass(Unknown Source) ~[na:1.8.0_251]
	at java.lang.ClassLoader.loadClass(Unknown Source) ~[na:1.8.0_251]
	at org.springframework.boot.loader.LaunchedURLClassLoader.loadClass(LaunchedURLClassLoader.java:93) ~[Lavalink.jar:na]
	at java.lang.ClassLoader.loadClass(Unknown Source) ~[na:1.8.0_251]
	at lavalink.server.Launcher.getVersionInfo(Launcher.kt:50) [classes!/:na]
	at lavalink.server.Launcher.getVersionInfo$default(Launcher.kt:49) [classes!/:na]
	at lavalink.server.Launcher$main$1.onApplicationEvent(Launcher.kt:118) ~[classes!/:na]
	at lavalink.server.Launcher$main$1.onApplicationEvent(Launcher.kt:43) ~[classes!/:na]
	at org.springframework.context.event.SimpleApplicationEventMulticaster.doInvokeListener(SimpleApplicationEventMulticaster.java:172) ~[spring-context-5.1.9.RELEASE.jar!/:5.1.9.RELEASE]
	at org.springframework.context.event.SimpleApplicationEventMulticaster.invokeListener(SimpleApplicationEventMulticaster.java:165) ~[spring-context-5.1.9.RELEASE.jar!/:5.1.9.RELEASE]
	at org.springframework.context.event.SimpleApplicationEventMulticaster.multicastEvent(SimpleApplicationEventMulticaster.java:139) ~[spring-context-5.1.9.RELEASE.jar!/:5.1.9.RELEASE]
	at org.springframework.context.event.SimpleApplicationEventMulticaster.multicastEvent(SimpleApplicationEventMulticaster.java:127) ~[spring-context-5.1.9.RELEASE.jar!/:5.1.9.RELEASE]
	at org.springframework.boot.context.event.EventPublishingRunListener.environmentPrepared(EventPublishingRunListener.java:76) ~[spring-boot-2.1.8.RELEASE.jar!/:2.1.8.RELEASE]
	at org.springframework.boot.SpringApplicationRunListeners.environmentPrepared(SpringApplicationRunListeners.java:53) ~[spring-boot-2.1.8.RELEASE.jar!/:2.1.8.RELEASE]
	at org.springframework.boot.SpringApplication.prepareEnvironment(SpringApplication.java:342) ~[spring-boot-2.1.8.RELEASE.jar!/:2.1.8.RELEASE]
	at org.springframework.boot.SpringApplication.run(SpringApplication.java:305) ~[spring-boot-2.1.8.RELEASE.jar!/:2.1.8.RELEASE]
	at lavalink.server.Launcher.main(Launcher.kt:127) [classes!/:na]
	at sun.reflect.NativeMethodAccessorImpl.invoke0(Native Method) ~[na:1.8.0_251]
	at sun.reflect.NativeMethodAccessorImpl.invoke(Unknown Source) ~[na:1.8.0_251]
	at sun.reflect.DelegatingMethodAccessorImpl.invoke(Unknown Source) ~[na:1.8.0_251]
	at java.lang.reflect.Method.invoke(Unknown Source) ~[na:1.8.0_251]
	at org.springframework.boot.loader.MainMethodRunner.run(MainMethodRunner.java:48) [Lavalink.jar:na]
	at org.springframework.boot.loader.Launcher.launch(Launcher.java:87) [Lavalink.jar:na]
	at org.springframework.boot.loader.Launcher.launch(Launcher.java:51) [Lavalink.jar:na]
	at org.springframework.boot.loader.JarLauncher.main(JarLauncher.java:52) [Lavalink.jar:na]

2020-04-16 15:23:59.744 ERROR 28184 --- [main] o.s.boot.SpringApplication               : Application run failed

java.lang.UnsupportedClassVersionError: lavalink/server/info/AppInfo has been compiled by a more recent version of the Java Runtime (class file version 55.0), this version of the Java Runtime only recognizes class file versions up to 52.0
	at java.lang.ClassLoader.defineClass1(Native Method) ~[na:1.8.0_251]
	at java.lang.ClassLoader.defineClass(Unknown Source) ~[na:1.8.0_251]
	at java.security.SecureClassLoader.defineClass(Unknown Source) ~[na:1.8.0_251]
	at java.net.URLClassLoader.defineClass(Unknown Source) ~[na:1.8.0_251]
	at java.net.URLClassLoader.access$100(Unknown Source) ~[na:1.8.0_251]
	at java.net.URLClassLoader$1.run(Unknown Source) ~[na:1.8.0_251]
	at java.net.URLClassLoader$1.run(Unknown Source) ~[na:1.8.0_251]
	at java.security.AccessController.doPrivileged(Native Method) ~[na:1.8.0_251]
	at java.net.URLClassLoader.findClass(Unknown Source) ~[na:1.8.0_251]
	at java.lang.ClassLoader.loadClass(Unknown Source) ~[na:1.8.0_251]
	at org.springframework.boot.loader.LaunchedURLClassLoader.loadClass(LaunchedURLClassLoader.java:93) ~[Lavalink.jar:na]
	at java.lang.ClassLoader.loadClass(Unknown Source) ~[na:1.8.0_251]
	at lavalink.server.Launcher.getVersionInfo(Launcher.kt:50) [classes!/:na]
	at lavalink.server.Launcher.getVersionInfo$default(Launcher.kt:49) [classes!/:na]
	at lavalink.server.Launcher$main$1.onApplicationEvent(Launcher.kt:118) ~[classes!/:na]
	at lavalink.server.Launcher$main$1.onApplicationEvent(Launcher.kt:43) ~[classes!/:na]
	at org.springframework.context.event.SimpleApplicationEventMulticaster.doInvokeListener(SimpleApplicationEventMulticaster.java:172) ~[spring-context-5.1.9.RELEASE.jar!/:5.1.9.RELEASE]
	at org.springframework.context.event.SimpleApplicationEventMulticaster.invokeListener(SimpleApplicationEventMulticaster.java:165) ~[spring-context-5.1.9.RELEASE.jar!/:5.1.9.RELEASE]
	at org.springframework.context.event.SimpleApplicationEventMulticaster.multicastEvent(SimpleApplicationEventMulticaster.java:139) ~[spring-context-5.1.9.RELEASE.jar!/:5.1.9.RELEASE]
	at org.springframework.context.event.SimpleApplicationEventMulticaster.multicastEvent(SimpleApplicationEventMulticaster.java:127) ~[spring-context-5.1.9.RELEASE.jar!/:5.1.9.RELEASE]
	at org.springframework.boot.context.event.EventPublishingRunListener.environmentPrepared(EventPublishingRunListener.java:76) ~[spring-boot-2.1.8.RELEASE.jar!/:2.1.8.RELEASE]
	at org.springframework.boot.SpringApplicationRunListeners.environmentPrepared(SpringApplicationRunListeners.java:53) ~[spring-boot-2.1.8.RELEASE.jar!/:2.1.8.RELEASE]
	at org.springframework.boot.SpringApplication.prepareEnvironment(SpringApplication.java:342) ~[spring-boot-2.1.8.RELEASE.jar!/:2.1.8.RELEASE]
	at org.springframework.boot.SpringApplication.run(SpringApplication.java:305) ~[spring-boot-2.1.8.RELEASE.jar!/:2.1.8.RELEASE]
	at lavalink.server.Launcher.main(Launcher.kt:127) [classes!/:na]
	at sun.reflect.NativeMethodAccessorImpl.invoke0(Native Method) ~[na:1.8.0_251]
	at sun.reflect.NativeMethodAccessorImpl.invoke(Unknown Source) ~[na:1.8.0_251]
	at sun.reflect.DelegatingMethodAccessorImpl.invoke(Unknown Source) ~[na:1.8.0_251]
	at java.lang.reflect.Method.invoke(Unknown Source) ~[na:1.8.0_251]
	at org.springframework.boot.loader.MainMethodRunner.run(MainMethodRunner.java:48) [Lavalink.jar:na]
	at org.springframework.boot.loader.Launcher.launch(Launcher.java:87) [Lavalink.jar:na]
	at org.springframework.boot.loader.Launcher.launch(Launcher.java:51) [Lavalink.jar:na]
	at org.springframework.boot.loader.JarLauncher.main(JarLauncher.java:52) [Lavalink.jar:na]

2020-04-16 15:31:11.660  WARN 27264 --- [background-preinit] o.s.h.c.j.Jackson2ObjectMapperBuilder    : For Jackson Kotlin classes support please add "com.fasterxml.jackson.module:jackson-module-kotlin" to the classpath
2020-04-16 15:31:11.676 ERROR 27264 --- [main] lavalink.server.Launcher                 : Application failed

java.lang.UnsupportedClassVersionError: lavalink/server/info/AppInfo has been compiled by a more recent version of the Java Runtime (class file version 55.0), this version of the Java Runtime only recognizes class file versions up to 52.0
	at java.lang.ClassLoader.defineClass1(Native Method) ~[na:1.8.0_251]
	at java.lang.ClassLoader.defineClass(Unknown Source) ~[na:1.8.0_251]
	at java.security.SecureClassLoader.defineClass(Unknown Source) ~[na:1.8.0_251]
	at java.net.URLClassLoader.defineClass(Unknown Source) ~[na:1.8.0_251]
	at java.net.URLClassLoader.access$100(Unknown Source) ~[na:1.8.0_251]
	at java.net.URLClassLoader$1.run(Unknown Source) ~[na:1.8.0_251]
	at java.net.URLClassLoader$1.run(Unknown Source) ~[na:1.8.0_251]
	at java.security.AccessController.doPrivileged(Native Method) ~[na:1.8.0_251]
	at java.net.URLClassLoader.findClass(Unknown Source) ~[na:1.8.0_251]
	at java.lang.ClassLoader.loadClass(Unknown Source) ~[na:1.8.0_251]
	at org.springframework.boot.loader.LaunchedURLClassLoader.loadClass(LaunchedURLClassLoader.java:93) ~[Lavalink.jar:na]
	at java.lang.ClassLoader.loadClass(Unknown Source) ~[na:1.8.0_251]
	at lavalink.server.Launcher.getVersionInfo(Launcher.kt:50) [classes!/:na]
	at lavalink.server.Launcher.getVersionInfo$default(Launcher.kt:49) [classes!/:na]
	at lavalink.server.Launcher$main$1.onApplicationEvent(Launcher.kt:118) ~[classes!/:na]
	at lavalink.server.Launcher$main$1.onApplicationEvent(Launcher.kt:43) ~[classes!/:na]
	at org.springframework.context.event.SimpleApplicationEventMulticaster.doInvokeListener(SimpleApplicationEventMulticaster.java:172) ~[spring-context-5.1.9.RELEASE.jar!/:5.1.9.RELEASE]
	at org.springframework.context.event.SimpleApplicationEventMulticaster.invokeListener(SimpleApplicationEventMulticaster.java:165) ~[spring-context-5.1.9.RELEASE.jar!/:5.1.9.RELEASE]
	at org.springframework.context.event.SimpleApplicationEventMulticaster.multicastEvent(SimpleApplicationEventMulticaster.java:139) ~[spring-context-5.1.9.RELEASE.jar!/:5.1.9.RELEASE]
	at org.springframework.context.event.SimpleApplicationEventMulticaster.multicastEvent(SimpleApplicationEventMulticaster.java:127) ~[spring-context-5.1.9.RELEASE.jar!/:5.1.9.RELEASE]
	at org.springframework.boot.context.event.EventPublishingRunListener.environmentPrepared(EventPublishingRunListener.java:76) ~[spring-boot-2.1.8.RELEASE.jar!/:2.1.8.RELEASE]
	at org.springframework.boot.SpringApplicationRunListeners.environmentPrepared(SpringApplicationRunListeners.java:53) ~[spring-boot-2.1.8.RELEASE.jar!/:2.1.8.RELEASE]
	at org.springframework.boot.SpringApplication.prepareEnvironment(SpringApplication.java:342) ~[spring-boot-2.1.8.RELEASE.jar!/:2.1.8.RELEASE]
	at org.springframework.boot.SpringApplication.run(SpringApplication.java:305) ~[spring-boot-2.1.8.RELEASE.jar!/:2.1.8.RELEASE]
	at lavalink.server.Launcher.main(Launcher.kt:127) [classes!/:na]
	at sun.reflect.NativeMethodAccessorImpl.invoke0(Native Method) ~[na:1.8.0_251]
	at sun.reflect.NativeMethodAccessorImpl.invoke(Unknown Source) ~[na:1.8.0_251]
	at sun.reflect.DelegatingMethodAccessorImpl.invoke(Unknown Source) ~[na:1.8.0_251]
	at java.lang.reflect.Method.invoke(Unknown Source) ~[na:1.8.0_251]
	at org.springframework.boot.loader.MainMethodRunner.run(MainMethodRunner.java:48) [Lavalink.jar:na]
	at org.springframework.boot.loader.Launcher.launch(Launcher.java:87) [Lavalink.jar:na]
	at org.springframework.boot.loader.Launcher.launch(Launcher.java:51) [Lavalink.jar:na]
	at org.springframework.boot.loader.JarLauncher.main(JarLauncher.java:52) [Lavalink.jar:na]

2020-04-16 15:31:11.677 ERROR 27264 --- [main] o.s.boot.SpringApplication               : Application run failed

java.lang.UnsupportedClassVersionError: lavalink/server/info/AppInfo has been compiled by a more recent version of the Java Runtime (class file version 55.0), this version of the Java Runtime only recognizes class file versions up to 52.0
	at java.lang.ClassLoader.defineClass1(Native Method) ~[na:1.8.0_251]
	at java.lang.ClassLoader.defineClass(Unknown Source) ~[na:1.8.0_251]
	at java.security.SecureClassLoader.defineClass(Unknown Source) ~[na:1.8.0_251]
	at java.net.URLClassLoader.defineClass(Unknown Source) ~[na:1.8.0_251]
	at java.net.URLClassLoader.access$100(Unknown Source) ~[na:1.8.0_251]
	at java.net.URLClassLoader$1.run(Unknown Source) ~[na:1.8.0_251]
	at java.net.URLClassLoader$1.run(Unknown Source) ~[na:1.8.0_251]
	at java.security.AccessController.doPrivileged(Native Method) ~[na:1.8.0_251]
	at java.net.URLClassLoader.findClass(Unknown Source) ~[na:1.8.0_251]
	at java.lang.ClassLoader.loadClass(Unknown Source) ~[na:1.8.0_251]
	at org.springframework.boot.loader.LaunchedURLClassLoader.loadClass(LaunchedURLClassLoader.java:93) ~[Lavalink.jar:na]
	at java.lang.ClassLoader.loadClass(Unknown Source) ~[na:1.8.0_251]
	at lavalink.server.Launcher.getVersionInfo(Launcher.kt:50) [classes!/:na]
	at lavalink.server.Launcher.getVersionInfo$default(Launcher.kt:49) [classes!/:na]
	at lavalink.server.Launcher$main$1.onApplicationEvent(Launcher.kt:118) ~[classes!/:na]
	at lavalink.server.Launcher$main$1.onApplicationEvent(Launcher.kt:43) ~[classes!/:na]
	at org.springframework.context.event.SimpleApplicationEventMulticaster.doInvokeListener(SimpleApplicationEventMulticaster.java:172) ~[spring-context-5.1.9.RELEASE.jar!/:5.1.9.RELEASE]
	at org.springframework.context.event.SimpleApplicationEventMulticaster.invokeListener(SimpleApplicationEventMulticaster.java:165) ~[spring-context-5.1.9.RELEASE.jar!/:5.1.9.RELEASE]
	at org.springframework.context.event.SimpleApplicationEventMulticaster.multicastEvent(SimpleApplicationEventMulticaster.java:139) ~[spring-context-5.1.9.RELEASE.jar!/:5.1.9.RELEASE]
	at org.springframework.context.event.SimpleApplicationEventMulticaster.multicastEvent(SimpleApplicationEventMulticaster.java:127) ~[spring-context-5.1.9.RELEASE.jar!/:5.1.9.RELEASE]
	at org.springframework.boot.context.event.EventPublishingRunListener.environmentPrepared(EventPublishingRunListener.java:76) ~[spring-boot-2.1.8.RELEASE.jar!/:2.1.8.RELEASE]
	at org.springframework.boot.SpringApplicationRunListeners.environmentPrepared(SpringApplicationRunListeners.java:53) ~[spring-boot-2.1.8.RELEASE.jar!/:2.1.8.RELEASE]
	at org.springframework.boot.SpringApplication.prepareEnvironment(SpringApplication.java:342) ~[spring-boot-2.1.8.RELEASE.jar!/:2.1.8.RELEASE]
	at org.springframework.boot.SpringApplication.run(SpringApplication.java:305) ~[spring-boot-2.1.8.RELEASE.jar!/:2.1.8.RELEASE]
	at lavalink.server.Launcher.main(Launcher.kt:127) [classes!/:na]
	at sun.reflect.NativeMethodAccessorImpl.invoke0(Native Method) ~[na:1.8.0_251]
	at sun.reflect.NativeMethodAccessorImpl.invoke(Unknown Source) ~[na:1.8.0_251]
	at sun.reflect.DelegatingMethodAccessorImpl.invoke(Unknown Source) ~[na:1.8.0_251]
	at java.lang.reflect.Method.invoke(Unknown Source) ~[na:1.8.0_251]
	at org.springframework.boot.loader.MainMethodRunner.run(MainMethodRunner.java:48) [Lavalink.jar:na]
	at org.springframework.boot.loader.Launcher.launch(Launcher.java:87) [Lavalink.jar:na]
	at org.springframework.boot.loader.Launcher.launch(Launcher.java:51) [Lavalink.jar:na]
	at org.springframework.boot.loader.JarLauncher.main(JarLauncher.java:52) [Lavalink.jar:na]

2020-04-16 15:31:13.231  WARN 12088 --- [background-preinit] o.s.h.c.j.Jackson2ObjectMapperBuilder    : For Jackson Kotlin classes support please add "com.fasterxml.jackson.module:jackson-module-kotlin" to the classpath
2020-04-16 15:31:13.248 ERROR 12088 --- [main] lavalink.server.Launcher                 : Application failed

java.lang.UnsupportedClassVersionError: lavalink/server/info/AppInfo has been compiled by a more recent version of the Java Runtime (class file version 55.0), this version of the Java Runtime only recognizes class file versions up to 52.0
	at java.lang.ClassLoader.defineClass1(Native Method) ~[na:1.8.0_251]
	at java.lang.ClassLoader.defineClass(Unknown Source) ~[na:1.8.0_251]
	at java.security.SecureClassLoader.defineClass(Unknown Source) ~[na:1.8.0_251]
	at java.net.URLClassLoader.defineClass(Unknown Source) ~[na:1.8.0_251]
	at java.net.URLClassLoader.access$100(Unknown Source) ~[na:1.8.0_251]
	at java.net.URLClassLoader$1.run(Unknown Source) ~[na:1.8.0_251]
	at java.net.URLClassLoader$1.run(Unknown Source) ~[na:1.8.0_251]
	at java.security.AccessController.doPrivileged(Native Method) ~[na:1.8.0_251]
	at java.net.URLClassLoader.findClass(Unknown Source) ~[na:1.8.0_251]
	at java.lang.ClassLoader.loadClass(Unknown Source) ~[na:1.8.0_251]
	at org.springframework.boot.loader.LaunchedURLClassLoader.loadClass(LaunchedURLClassLoader.java:93) ~[Lavalink.jar:na]
	at java.lang.ClassLoader.loadClass(Unknown Source) ~[na:1.8.0_251]
	at lavalink.server.Launcher.getVersionInfo(Launcher.kt:50) [classes!/:na]
	at lavalink.server.Launcher.getVersionInfo$default(Launcher.kt:49) [classes!/:na]
	at lavalink.server.Launcher$main$1.onApplicationEvent(Launcher.kt:118) ~[classes!/:na]
	at lavalink.server.Launcher$main$1.onApplicationEvent(Launcher.kt:43) ~[classes!/:na]
	at org.springframework.context.event.SimpleApplicationEventMulticaster.doInvokeListener(SimpleApplicationEventMulticaster.java:172) ~[spring-context-5.1.9.RELEASE.jar!/:5.1.9.RELEASE]
	at org.springframework.context.event.SimpleApplicationEventMulticaster.invokeListener(SimpleApplicationEventMulticaster.java:165) ~[spring-context-5.1.9.RELEASE.jar!/:5.1.9.RELEASE]
	at org.springframework.context.event.SimpleApplicationEventMulticaster.multicastEvent(SimpleApplicationEventMulticaster.java:139) ~[spring-context-5.1.9.RELEASE.jar!/:5.1.9.RELEASE]
	at org.springframework.context.event.SimpleApplicationEventMulticaster.multicastEvent(SimpleApplicationEventMulticaster.java:127) ~[spring-context-5.1.9.RELEASE.jar!/:5.1.9.RELEASE]
	at org.springframework.boot.context.event.EventPublishingRunListener.environmentPrepared(EventPublishingRunListener.java:76) ~[spring-boot-2.1.8.RELEASE.jar!/:2.1.8.RELEASE]
	at org.springframework.boot.SpringApplicationRunListeners.environmentPrepared(SpringApplicationRunListeners.java:53) ~[spring-boot-2.1.8.RELEASE.jar!/:2.1.8.RELEASE]
	at org.springframework.boot.SpringApplication.prepareEnvironment(SpringApplication.java:342) ~[spring-boot-2.1.8.RELEASE.jar!/:2.1.8.RELEASE]
	at org.springframework.boot.SpringApplication.run(SpringApplication.java:305) ~[spring-boot-2.1.8.RELEASE.jar!/:2.1.8.RELEASE]
	at lavalink.server.Launcher.main(Launcher.kt:127) [classes!/:na]
	at sun.reflect.NativeMethodAccessorImpl.invoke0(Native Method) ~[na:1.8.0_251]
	at sun.reflect.NativeMethodAccessorImpl.invoke(Unknown Source) ~[na:1.8.0_251]
	at sun.reflect.DelegatingMethodAccessorImpl.invoke(Unknown Source) ~[na:1.8.0_251]
	at java.lang.reflect.Method.invoke(Unknown Source) ~[na:1.8.0_251]
	at org.springframework.boot.loader.MainMethodRunner.run(MainMethodRunner.java:48) [Lavalink.jar:na]
	at org.springframework.boot.loader.Launcher.launch(Launcher.java:87) [Lavalink.jar:na]
	at org.springframework.boot.loader.Launcher.launch(Launcher.java:51) [Lavalink.jar:na]
	at org.springframework.boot.loader.JarLauncher.main(JarLauncher.java:52) [Lavalink.jar:na]

2020-04-16 15:31:13.250 ERROR 12088 --- [main] o.s.boot.SpringApplication               : Application run failed

java.lang.UnsupportedClassVersionError: lavalink/server/info/AppInfo has been compiled by a more recent version of the Java Runtime (class file version 55.0), this version of the Java Runtime only recognizes class file versions up to 52.0
	at java.lang.ClassLoader.defineClass1(Native Method) ~[na:1.8.0_251]
	at java.lang.ClassLoader.defineClass(Unknown Source) ~[na:1.8.0_251]
	at java.security.SecureClassLoader.defineClass(Unknown Source) ~[na:1.8.0_251]
	at java.net.URLClassLoader.defineClass(Unknown Source) ~[na:1.8.0_251]
	at java.net.URLClassLoader.access$100(Unknown Source) ~[na:1.8.0_251]
	at java.net.URLClassLoader$1.run(Unknown Source) ~[na:1.8.0_251]
	at java.net.URLClassLoader$1.run(Unknown Source) ~[na:1.8.0_251]
	at java.security.AccessController.doPrivileged(Native Method) ~[na:1.8.0_251]
	at java.net.URLClassLoader.findClass(Unknown Source) ~[na:1.8.0_251]
	at java.lang.ClassLoader.loadClass(Unknown Source) ~[na:1.8.0_251]
	at org.springframework.boot.loader.LaunchedURLClassLoader.loadClass(LaunchedURLClassLoader.java:93) ~[Lavalink.jar:na]
	at java.lang.ClassLoader.loadClass(Unknown Source) ~[na:1.8.0_251]
	at lavalink.server.Launcher.getVersionInfo(Launcher.kt:50) [classes!/:na]
	at lavalink.server.Launcher.getVersionInfo$default(Launcher.kt:49) [classes!/:na]
	at lavalink.server.Launcher$main$1.onApplicationEvent(Launcher.kt:118) ~[classes!/:na]
	at lavalink.server.Launcher$main$1.onApplicationEvent(Launcher.kt:43) ~[classes!/:na]
	at org.springframework.context.event.SimpleApplicationEventMulticaster.doInvokeListener(SimpleApplicationEventMulticaster.java:172) ~[spring-context-5.1.9.RELEASE.jar!/:5.1.9.RELEASE]
	at org.springframework.context.event.SimpleApplicationEventMulticaster.invokeListener(SimpleApplicationEventMulticaster.java:165) ~[spring-context-5.1.9.RELEASE.jar!/:5.1.9.RELEASE]
	at org.springframework.context.event.SimpleApplicationEventMulticaster.multicastEvent(SimpleApplicationEventMulticaster.java:139) ~[spring-context-5.1.9.RELEASE.jar!/:5.1.9.RELEASE]
	at org.springframework.context.event.SimpleApplicationEventMulticaster.multicastEvent(SimpleApplicationEventMulticaster.java:127) ~[spring-context-5.1.9.RELEASE.jar!/:5.1.9.RELEASE]
	at org.springframework.boot.context.event.EventPublishingRunListener.environmentPrepared(EventPublishingRunListener.java:76) ~[spring-boot-2.1.8.RELEASE.jar!/:2.1.8.RELEASE]
	at org.springframework.boot.SpringApplicationRunListeners.environmentPrepared(SpringApplicationRunListeners.java:53) ~[spring-boot-2.1.8.RELEASE.jar!/:2.1.8.RELEASE]
	at org.springframework.boot.SpringApplication.prepareEnvironment(SpringApplication.java:342) ~[spring-boot-2.1.8.RELEASE.jar!/:2.1.8.RELEASE]
	at org.springframework.boot.SpringApplication.run(SpringApplication.java:305) ~[spring-boot-2.1.8.RELEASE.jar!/:2.1.8.RELEASE]
	at lavalink.server.Launcher.main(Launcher.kt:127) [classes!/:na]
	at sun.reflect.NativeMethodAccessorImpl.invoke0(Native Method) ~[na:1.8.0_251]
	at sun.reflect.NativeMethodAccessorImpl.invoke(Unknown Source) ~[na:1.8.0_251]
	at sun.reflect.DelegatingMethodAccessorImpl.invoke(Unknown Source) ~[na:1.8.0_251]
	at java.lang.reflect.Method.invoke(Unknown Source) ~[na:1.8.0_251]
	at org.springframework.boot.loader.MainMethodRunner.run(MainMethodRunner.java:48) [Lavalink.jar:na]
	at org.springframework.boot.loader.Launcher.launch(Launcher.java:87) [Lavalink.jar:na]
	at org.springframework.boot.loader.Launcher.launch(Launcher.java:51) [Lavalink.jar:na]
	at org.springframework.boot.loader.JarLauncher.main(JarLauncher.java:52) [Lavalink.jar:na]

2020-04-16 15:36:20.680  WARN 16876 --- [background-preinit] o.s.h.c.j.Jackson2ObjectMapperBuilder    : For Jackson Kotlin classes support please add "com.fasterxml.jackson.module:jackson-module-kotlin" to the classpath
2020-04-16 15:36:20.701 ERROR 16876 --- [main] lavalink.server.Launcher                 : Application failed

java.lang.UnsupportedClassVersionError: lavalink/server/info/AppInfo has been compiled by a more recent version of the Java Runtime (class file version 55.0), this version of the Java Runtime only recognizes class file versions up to 52.0
	at java.lang.ClassLoader.defineClass1(Native Method) ~[na:1.8.0_251]
	at java.lang.ClassLoader.defineClass(Unknown Source) ~[na:1.8.0_251]
	at java.security.SecureClassLoader.defineClass(Unknown Source) ~[na:1.8.0_251]
	at java.net.URLClassLoader.defineClass(Unknown Source) ~[na:1.8.0_251]
	at java.net.URLClassLoader.access$100(Unknown Source) ~[na:1.8.0_251]
	at java.net.URLClassLoader$1.run(Unknown Source) ~[na:1.8.0_251]
	at java.net.URLClassLoader$1.run(Unknown Source) ~[na:1.8.0_251]
	at java.security.AccessController.doPrivileged(Native Method) ~[na:1.8.0_251]
	at java.net.URLClassLoader.findClass(Unknown Source) ~[na:1.8.0_251]
	at java.lang.ClassLoader.loadClass(Unknown Source) ~[na:1.8.0_251]
	at org.springframework.boot.loader.LaunchedURLClassLoader.loadClass(LaunchedURLClassLoader.java:93) ~[Lavalink.jar:na]
	at java.lang.ClassLoader.loadClass(Unknown Source) ~[na:1.8.0_251]
	at lavalink.server.Launcher.getVersionInfo(Launcher.kt:50) [classes!/:na]
	at lavalink.server.Launcher.getVersionInfo$default(Launcher.kt:49) [classes!/:na]
	at lavalink.server.Launcher$main$1.onApplicationEvent(Launcher.kt:118) ~[classes!/:na]
	at lavalink.server.Launcher$main$1.onApplicationEvent(Launcher.kt:43) ~[classes!/:na]
	at org.springframework.context.event.SimpleApplicationEventMulticaster.doInvokeListener(SimpleApplicationEventMulticaster.java:172) ~[spring-context-5.1.9.RELEASE.jar!/:5.1.9.RELEASE]
	at org.springframework.context.event.SimpleApplicationEventMulticaster.invokeListener(SimpleApplicationEventMulticaster.java:165) ~[spring-context-5.1.9.RELEASE.jar!/:5.1.9.RELEASE]
	at org.springframework.context.event.SimpleApplicationEventMulticaster.multicastEvent(SimpleApplicationEventMulticaster.java:139) ~[spring-context-5.1.9.RELEASE.jar!/:5.1.9.RELEASE]
	at org.springframework.context.event.SimpleApplicationEventMulticaster.multicastEvent(SimpleApplicationEventMulticaster.java:127) ~[spring-context-5.1.9.RELEASE.jar!/:5.1.9.RELEASE]
	at org.springframework.boot.context.event.EventPublishingRunListener.environmentPrepared(EventPublishingRunListener.java:76) ~[spring-boot-2.1.8.RELEASE.jar!/:2.1.8.RELEASE]
	at org.springframework.boot.SpringApplicationRunListeners.environmentPrepared(SpringApplicationRunListeners.java:53) ~[spring-boot-2.1.8.RELEASE.jar!/:2.1.8.RELEASE]
	at org.springframework.boot.SpringApplication.prepareEnvironment(SpringApplication.java:342) ~[spring-boot-2.1.8.RELEASE.jar!/:2.1.8.RELEASE]
	at org.springframework.boot.SpringApplication.run(SpringApplication.java:305) ~[spring-boot-2.1.8.RELEASE.jar!/:2.1.8.RELEASE]
	at lavalink.server.Launcher.main(Launcher.kt:127) [classes!/:na]
	at sun.reflect.NativeMethodAccessorImpl.invoke0(Native Method) ~[na:1.8.0_251]
	at sun.reflect.NativeMethodAccessorImpl.invoke(Unknown Source) ~[na:1.8.0_251]
	at sun.reflect.DelegatingMethodAccessorImpl.invoke(Unknown Source) ~[na:1.8.0_251]
	at java.lang.reflect.Method.invoke(Unknown Source) ~[na:1.8.0_251]
	at org.springframework.boot.loader.MainMethodRunner.run(MainMethodRunner.java:48) [Lavalink.jar:na]
	at org.springframework.boot.loader.Launcher.launch(Launcher.java:87) [Lavalink.jar:na]
	at org.springframework.boot.loader.Launcher.launch(Launcher.java:51) [Lavalink.jar:na]
	at org.springframework.boot.loader.JarLauncher.main(JarLauncher.java:52) [Lavalink.jar:na]

2020-04-16 15:36:20.703 ERROR 16876 --- [main] o.s.boot.SpringApplication               : Application run failed

java.lang.UnsupportedClassVersionError: lavalink/server/info/AppInfo has been compiled by a more recent version of the Java Runtime (class file version 55.0), this version of the Java Runtime only recognizes class file versions up to 52.0
	at java.lang.ClassLoader.defineClass1(Native Method) ~[na:1.8.0_251]
	at java.lang.ClassLoader.defineClass(Unknown Source) ~[na:1.8.0_251]
	at java.security.SecureClassLoader.defineClass(Unknown Source) ~[na:1.8.0_251]
	at java.net.URLClassLoader.defineClass(Unknown Source) ~[na:1.8.0_251]
	at java.net.URLClassLoader.access$100(Unknown Source) ~[na:1.8.0_251]
	at java.net.URLClassLoader$1.run(Unknown Source) ~[na:1.8.0_251]
	at java.net.URLClassLoader$1.run(Unknown Source) ~[na:1.8.0_251]
	at java.security.AccessController.doPrivileged(Native Method) ~[na:1.8.0_251]
	at java.net.URLClassLoader.findClass(Unknown Source) ~[na:1.8.0_251]
	at java.lang.ClassLoader.loadClass(Unknown Source) ~[na:1.8.0_251]
	at org.springframework.boot.loader.LaunchedURLClassLoader.loadClass(LaunchedURLClassLoader.java:93) ~[Lavalink.jar:na]
	at java.lang.ClassLoader.loadClass(Unknown Source) ~[na:1.8.0_251]
	at lavalink.server.Launcher.getVersionInfo(Launcher.kt:50) [classes!/:na]
	at lavalink.server.Launcher.getVersionInfo$default(Launcher.kt:49) [classes!/:na]
	at lavalink.server.Launcher$main$1.onApplicationEvent(Launcher.kt:118) ~[classes!/:na]
	at lavalink.server.Launcher$main$1.onApplicationEvent(Launcher.kt:43) ~[classes!/:na]
	at org.springframework.context.event.SimpleApplicationEventMulticaster.doInvokeListener(SimpleApplicationEventMulticaster.java:172) ~[spring-context-5.1.9.RELEASE.jar!/:5.1.9.RELEASE]
	at org.springframework.context.event.SimpleApplicationEventMulticaster.invokeListener(SimpleApplicationEventMulticaster.java:165) ~[spring-context-5.1.9.RELEASE.jar!/:5.1.9.RELEASE]
	at org.springframework.context.event.SimpleApplicationEventMulticaster.multicastEvent(SimpleApplicationEventMulticaster.java:139) ~[spring-context-5.1.9.RELEASE.jar!/:5.1.9.RELEASE]
	at org.springframework.context.event.SimpleApplicationEventMulticaster.multicastEvent(SimpleApplicationEventMulticaster.java:127) ~[spring-context-5.1.9.RELEASE.jar!/:5.1.9.RELEASE]
	at org.springframework.boot.context.event.EventPublishingRunListener.environmentPrepared(EventPublishingRunListener.java:76) ~[spring-boot-2.1.8.RELEASE.jar!/:2.1.8.RELEASE]
	at org.springframework.boot.SpringApplicationRunListeners.environmentPrepared(SpringApplicationRunListeners.java:53) ~[spring-boot-2.1.8.RELEASE.jar!/:2.1.8.RELEASE]
	at org.springframework.boot.SpringApplication.prepareEnvironment(SpringApplication.java:342) ~[spring-boot-2.1.8.RELEASE.jar!/:2.1.8.RELEASE]
	at org.springframework.boot.SpringApplication.run(SpringApplication.java:305) ~[spring-boot-2.1.8.RELEASE.jar!/:2.1.8.RELEASE]
	at lavalink.server.Launcher.main(Launcher.kt:127) [classes!/:na]
	at sun.reflect.NativeMethodAccessorImpl.invoke0(Native Method) ~[na:1.8.0_251]
	at sun.reflect.NativeMethodAccessorImpl.invoke(Unknown Source) ~[na:1.8.0_251]
	at sun.reflect.DelegatingMethodAccessorImpl.invoke(Unknown Source) ~[na:1.8.0_251]
	at java.lang.reflect.Method.invoke(Unknown Source) ~[na:1.8.0_251]
	at org.springframework.boot.loader.MainMethodRunner.run(MainMethodRunner.java:48) [Lavalink.jar:na]
	at org.springframework.boot.loader.Launcher.launch(Launcher.java:87) [Lavalink.jar:na]
	at org.springframework.boot.loader.Launcher.launch(Launcher.java:51) [Lavalink.jar:na]
	at org.springframework.boot.loader.JarLauncher.main(JarLauncher.java:52) [Lavalink.jar:na]

